<?xml version="1.0" encoding="UTF-8"?>
<robot generator="Robot 6.1.1 (Python 3.9.12 on win32)" generated="20231206 16:19:28.670" rpa="false" schemaversion="4">
<suite id="s1" name="Challengerobotframework" source="C:\Users\Aldona\Documents\GitHub\challenges\challengerobotframework">
<suite id="s1-s1" name="Test Update Player Wrong Data Rf" source="C:\Users\Aldona\Documents\GitHub\challenges\challengerobotframework\test_update_player_wrong_data_rf.robot">
<test id="s1-s1-t1" name="Updating the last Added player form" line="34">
<kw name="Open login page">
<kw name="Open Browser" library="SeleniumLibrary">
<arg>${LOGIN URL}</arg>
<arg>${BROWSER}</arg>
<doc>Opens a new browser instance to the optional ``url``.</doc>
<msg timestamp="20231206 16:19:29.009" level="INFO">Opening browser 'Chrome' to base url 'https://scouts-test.futbolkolektyw.pl/en'.</msg>
<status status="PASS" starttime="20231206 16:19:29.008" endtime="20231206 16:19:32.364"/>
</kw>
<kw name="Maximize Browser Window" library="SeleniumLibrary">
<doc>Maximizes current browser window.</doc>
<status status="PASS" starttime="20231206 16:19:32.365" endtime="20231206 16:19:32.658"/>
</kw>
<status status="PASS" starttime="20231206 16:19:29.008" endtime="20231206 16:19:32.659"/>
</kw>
<kw name="Type in email">
<kw name="Input Text" library="SeleniumLibrary">
<arg>${EMAILINPUT}</arg>
<arg>${E-MAIL_USER}</arg>
<doc>Types the given ``text`` into the text field identified by ``locator``.</doc>
<msg timestamp="20231206 16:19:32.662" level="INFO">Typing text 'user06@getnada.com' into text field 'xpath=//*[@id='login']'.</msg>
<status status="PASS" starttime="20231206 16:19:32.660" endtime="20231206 16:19:33.157"/>
</kw>
<status status="PASS" starttime="20231206 16:19:32.659" endtime="20231206 16:19:33.158"/>
</kw>
<kw name="Type in password">
<kw name="Input Text" library="SeleniumLibrary">
<arg>${PASSWORDINPUT}</arg>
<arg>${PASSWORD}</arg>
<doc>Types the given ``text`` into the text field identified by ``locator``.</doc>
<msg timestamp="20231206 16:19:33.161" level="INFO">Typing text 'Test-1234' into text field 'xpath=//*[@id='password']'.</msg>
<status status="PASS" starttime="20231206 16:19:33.159" endtime="20231206 16:19:33.370"/>
</kw>
<status status="PASS" starttime="20231206 16:19:33.158" endtime="20231206 16:19:33.370"/>
</kw>
<kw name="Submit button">
<kw name="Click Element" library="SeleniumLibrary">
<arg>${SIGNINBUTTON}</arg>
<doc>Click the element identified by ``locator``.</doc>
<msg timestamp="20231206 16:19:33.371" level="INFO">Clicking element 'xpath=//span[@class='MuiButton-label']'.</msg>
<status status="PASS" starttime="20231206 16:19:33.371" endtime="20231206 16:19:33.439"/>
</kw>
<kw name="Wait Until Element Is Visible" library="SeleniumLibrary">
<arg>${PAGELOGO}</arg>
<doc>Waits until the element ``locator`` is visible.</doc>
<status status="PASS" starttime="20231206 16:19:33.439" endtime="20231206 16:19:34.612"/>
</kw>
<status status="PASS" starttime="20231206 16:19:33.370" endtime="20231206 16:19:34.612"/>
</kw>
<kw name="Click on the Last created player button">
<kw name="Click Element" library="SeleniumLibrary">
<arg>${LAST_CREATED_PLAYER_BUTTON_XPATH}</arg>
<doc>Click the element identified by ``locator``.</doc>
<msg timestamp="20231206 16:19:34.613" level="INFO">Clicking element '//*/div[3]/div/div/a[1]/button'.</msg>
<status status="PASS" starttime="20231206 16:19:34.613" endtime="20231206 16:19:34.692"/>
</kw>
<kw name="Wait Until Element Is Visible" library="SeleniumLibrary">
<arg>${FORM_HEADER}</arg>
<doc>Waits until the element ``locator`` is visible.</doc>
<status status="PASS" starttime="20231206 16:19:34.692" endtime="20231206 16:19:35.075"/>
</kw>
<status status="PASS" starttime="20231206 16:19:34.612" endtime="20231206 16:19:35.075"/>
</kw>
<kw name="Fill in the form and submit">
<kw name="Press Keys" library="SeleniumLibrary">
<arg>${BIRTH_DATE_FIELD_XPATH}</arg>
<arg>CTRL+A+DELETE</arg>
<doc>Simulates the user pressing key(s) to an element or on the active browser.</doc>
<msg timestamp="20231206 16:19:35.078" level="INFO">Sending key(s) ('CTRL+A+DELETE',) to //*[@name='age'] element.</msg>
<msg timestamp="20231206 16:19:35.404" level="INFO">Pressing special key CONTROL down.</msg>
<msg timestamp="20231206 16:19:35.404" level="INFO">Sending key A</msg>
<msg timestamp="20231206 16:19:35.404" level="INFO">Pressing special key DELETE down.</msg>
<msg timestamp="20231206 16:19:35.404" level="INFO">Releasing special key CONTROL.</msg>
<msg timestamp="20231206 16:19:35.404" level="INFO">Releasing special key DELETE.</msg>
<status status="PASS" starttime="20231206 16:19:35.076" endtime="20231206 16:19:35.430"/>
</kw>
<kw name="Input Text" library="SeleniumLibrary">
<arg>${BIRTH_DATE_FIELD_XPATH}</arg>
<arg>${BIRTH_DATE}</arg>
<doc>Types the given ``text`` into the text field identified by ``locator``.</doc>
<msg timestamp="20231206 16:19:35.432" level="INFO">Typing text '10000000000' into text field '//*[@name='age']'.</msg>
<status status="PASS" starttime="20231206 16:19:35.430" endtime="20231206 16:19:35.548"/>
</kw>
<kw name="Click Element" library="SeleniumLibrary">
<arg>${SUBMIT_BUTTON_XPATH}</arg>
<doc>Click the element identified by ``locator``.</doc>
<msg timestamp="20231206 16:19:35.549" level="INFO">Clicking element '//*[@type='submit']'.</msg>
<status status="PASS" starttime="20231206 16:19:35.548" endtime="20231206 16:19:35.624"/>
</kw>
<kw name="Wait Until Element Is Enabled" library="SeleniumLibrary">
<arg>${MAIN_PAGE_XPATH}</arg>
<doc>Waits until the element ``locator`` is enabled.</doc>
<status status="PASS" starttime="20231206 16:19:35.624" endtime="20231206 16:19:35.665"/>
</kw>
<kw name="Sleep" library="BuiltIn">
<arg>7s</arg>
<doc>Pauses the test executed for the given time.</doc>
<msg timestamp="20231206 16:19:42.674" level="INFO">Slept 7 seconds</msg>
<status status="PASS" starttime="20231206 16:19:35.665" endtime="20231206 16:19:42.674"/>
</kw>
<kw name="Capture Page Screenshot" library="SeleniumLibrary">
<arg>picture.png</arg>
<doc>Takes a screenshot of the current page and embeds it into a log file.</doc>
<msg timestamp="20231206 16:19:42.864" level="INFO" html="true">&lt;/td&gt;&lt;/tr&gt;&lt;tr&gt;&lt;td colspan="3"&gt;&lt;a href="picture.png"&gt;&lt;img src="picture.png" width="800px"&gt;&lt;/a&gt;</msg>
<status status="PASS" starttime="20231206 16:19:42.674" endtime="20231206 16:19:42.864"/>
</kw>
<status status="PASS" starttime="20231206 16:19:35.075" endtime="20231206 16:19:42.864"/>
</kw>
<kw name="Close Browser" library="SeleniumLibrary" type="TEARDOWN">
<doc>Closes the current browser.</doc>
<status status="PASS" starttime="20231206 16:19:42.865" endtime="20231206 16:19:45.181"/>
</kw>
<status status="PASS" starttime="20231206 16:19:29.007" endtime="20231206 16:19:45.182"/>
</test>
<doc>Suite descryption #automated tests for scouts website</doc>
<status status="PASS" starttime="20231206 16:19:28.706" endtime="20231206 16:19:45.187"/>
</suite>
<status status="PASS" starttime="20231206 16:19:28.672" endtime="20231206 16:19:45.194"/>
</suite>
<statistics>
<total>
<stat pass="1" fail="0" skip="0">All Tests</stat>
</total>
<tag>
</tag>
<suite>
<stat pass="1" fail="0" skip="0" id="s1" name="Challengerobotframework">Challengerobotframework</stat>
<stat pass="1" fail="0" skip="0" id="s1-s1" name="Test Update Player Wrong Data Rf">Challengerobotframework.Test Update Player Wrong Data Rf</stat>
</suite>
</statistics>
<errors>
</errors>
</robot>
